<?xml version="1.0" encoding="UTF-8"?>
<!-- Generated by org.testng.reporters.JUnitReportReporter -->
<testsuite skipped="0" hostname="sony-VAIO" name="basicAnnotations.TestingClass2" tests="4" failures="0" timestamp="2019-10-11T20:49:00 IST" time="0.023" errors="0">
  <testcase name="testCase1" time="0.002" classname="basicAnnotations.TestingClass2"/>
  <testcase name="testCase1" time="0.006" classname="basicAnnotations.TestingClass2"/>
  <testcase name="testCase2" time="0.003" classname="basicAnnotations.TestingClass2"/>
  <testcase name="testCase2" time="0.012" classname="basicAnnotations.TestingClass2"/>
</testsuite> <!-- basicAnnotations.TestingClass2 -->
