<?xml version="1.0" encoding="UTF-8"?>
<!-- Generated by org.testng.reporters.JUnitReportReporter -->
<testsuite skipped="0" hostname="sony-VAIO" name="basicAnnotations.TestNGClass1" tests="10" failures="0" timestamp="2019-11-25T13:18:08 PST" time="0.308" errors="0">
  <testcase name="testCase1" time="0.024" classname="basicAnnotations.TestNGClass1"/>
  <testcase name="test3" time="0.011" classname="basicAnnotations.TestNGClass1"/>
  <testcase name="test3" time="0.032" classname="basicAnnotations.TestNGClass1"/>
  <testcase name="testCase1" time="0.053" classname="basicAnnotations.TestNGClass1"/>
  <testcase name="testCase2" time="0.141" classname="basicAnnotations.TestNGClass1"/>
  <testcase name="testCase2" time="0.015" classname="basicAnnotations.TestNGClass1"/>
  <testcase name="test1" time="0.007" classname="basicAnnotations.TestNGClass1"/>
  <testcase name="test1" time="0.009" classname="basicAnnotations.TestNGClass1"/>
  <testcase name="test2" time="0.010" classname="basicAnnotations.TestNGClass1"/>
  <testcase name="test2" time="0.006" classname="basicAnnotations.TestNGClass1"/>
</testsuite> <!-- basicAnnotations.TestNGClass1 -->
