<?xml version="1.0" encoding="UTF-8"?>
<!-- Generated by org.testng.reporters.JUnitReportReporter -->
<testsuite skipped="0" hostname="sony-VAIO" name="basicAnnotations.TestingClass2" tests="2" failures="0" timestamp="2019-10-14T19:54:44 IST" time="0.027" errors="0">
  <testcase name="testCase1" time="0.022" classname="basicAnnotations.TestingClass2"/>
  <testcase name="testCase2" time="0.005" classname="basicAnnotations.TestingClass2"/>
</testsuite> <!-- basicAnnotations.TestingClass2 -->
