<?xml version="1.0" encoding="UTF-8"?>
<!-- Generated by org.testng.reporters.JUnitReportReporter -->
<testsuite skipped="0" hostname="sony-VAIO" name="basicAnnotations.TestNGClass1" tests="5" failures="0" timestamp="2019-10-14T19:44:24 IST" time="0.060" errors="0">
  <testcase name="testCase1" time="0.008" classname="basicAnnotations.TestNGClass1"/>
  <testcase name="test3" time="0.027" classname="basicAnnotations.TestNGClass1"/>
  <testcase name="testCase2" time="0.008" classname="basicAnnotations.TestNGClass1"/>
  <testcase name="test1" time="0.007" classname="basicAnnotations.TestNGClass1"/>
  <testcase name="test2" time="0.010" classname="basicAnnotations.TestNGClass1"/>
</testsuite> <!-- basicAnnotations.TestNGClass1 -->
