<?xml version="1.0" encoding="UTF-8"?>
<!-- Generated by org.testng.reporters.JUnitReportReporter -->
<testsuite skipped="0" hostname="sony-VAIO" name="basicAnnotations.TestNGClass1" tests="10" failures="0" timestamp="2019-10-11T20:49:00 IST" time="0.071" errors="0">
  <testcase name="testCase1" time="0.009" classname="basicAnnotations.TestNGClass1"/>
  <testcase name="test3" time="0.004" classname="basicAnnotations.TestNGClass1"/>
  <testcase name="test3" time="0.023" classname="basicAnnotations.TestNGClass1"/>
  <testcase name="testCase1" time="0.002" classname="basicAnnotations.TestNGClass1"/>
  <testcase name="testCase2" time="0.003" classname="basicAnnotations.TestNGClass1"/>
  <testcase name="testCase2" time="0.007" classname="basicAnnotations.TestNGClass1"/>
  <testcase name="test1" time="0.003" classname="basicAnnotations.TestNGClass1"/>
  <testcase name="test1" time="0.008" classname="basicAnnotations.TestNGClass1"/>
  <testcase name="test2" time="0.009" classname="basicAnnotations.TestNGClass1"/>
  <testcase name="test2" time="0.003" classname="basicAnnotations.TestNGClass1"/>
</testsuite> <!-- basicAnnotations.TestNGClass1 -->
