<?xml version="1.0" encoding="UTF-8"?>
<!-- Generated by org.testng.reporters.JUnitReportReporter -->
<testsuite skipped="0" hostname="sony-VAIO" name="dataProvider.TestDataProvider1" tests="3" failures="0" timestamp="2019-10-14T19:34:45 IST" time="0.109" errors="0">
  <testcase name="login" time="0.064" classname="dataProvider.TestDataProvider1"/>
  <testcase name="login" time="0.040" classname="dataProvider.TestDataProvider1"/>
  <testcase name="login" time="0.005" classname="dataProvider.TestDataProvider1"/>
</testsuite> <!-- dataProvider.TestDataProvider1 -->
