<?xml version="1.0" encoding="UTF-8"?>
<!-- Generated by org.testng.reporters.JUnitReportReporter -->
<testsuite skipped="0" hostname="sony-VAIO" name="basicAnnotations.TestingClass2" tests="4" failures="0" timestamp="2019-11-25T13:18:08 PST" time="0.031" errors="0">
  <testcase name="testCase1" time="0.007" classname="basicAnnotations.TestingClass2"/>
  <testcase name="testCase1" time="0.010" classname="basicAnnotations.TestingClass2"/>
  <testcase name="testCase2" time="0.004" classname="basicAnnotations.TestingClass2"/>
  <testcase name="testCase2" time="0.010" classname="basicAnnotations.TestingClass2"/>
</testsuite> <!-- basicAnnotations.TestingClass2 -->
