<?xml version="1.0" encoding="UTF-8"?>
<!-- Generated by org.testng.reporters.JUnitReportReporter -->
<testsuite skipped="0" hostname="sony-VAIO" name="basicSelenium.AutomateWebTable" tests="1" failures="0" timestamp="2019-10-16T20:28:57 IST" time="11.346" errors="0">
  <testcase name="test" time="11.346" classname="basicSelenium.AutomateWebTable"/>
</testsuite> <!-- basicSelenium.AutomateWebTable -->
