<?xml version="1.0" encoding="UTF-8"?>
<!-- Generated by org.testng.reporters.JUnitReportReporter -->
<testsuite skipped="0" hostname="sony-VAIO" name="advancedSelenium.MouseHover" tests="1" failures="0" timestamp="2019-10-18T21:10:49 IST" time="28.831" errors="0">
  <testcase name="test" time="28.831" classname="advancedSelenium.MouseHover"/>
</testsuite> <!-- advancedSelenium.MouseHover -->
