<?xml version="1.0" encoding="UTF-8"?>
<!-- Generated by org.testng.reporters.JUnitReportReporter -->
<testsuite skipped="0" hostname="sony-VAIO" name="basicSelenium.Loginassignment" tests="1" failures="0" timestamp="2019-10-21T12:37:42 IST" time="222.873" errors="0">
  <testcase name="login" time="222.873" classname="basicSelenium.Loginassignment"/>
</testsuite> <!-- basicSelenium.Loginassignment -->
