<?xml version="1.0" encoding="UTF-8"?>
<!-- Generated by org.testng.reporters.JUnitReportReporter -->
<testsuite skipped="0" hostname="sony-VAIO" name="basicSelenium.Pass1roundtripAssignment" tests="1" failures="0" timestamp="2019-10-21T16:49:26 IST" time="43.793" errors="0">
  <testcase name="Pass1roundtripAssignment" time="43.793" classname="basicSelenium.Pass1roundtripAssignment"/>
</testsuite> <!-- basicSelenium.Pass1roundtripAssignment -->
