<?xml version="1.0" encoding="UTF-8"?>
<!-- Generated by org.testng.reporters.JUnitReportReporter -->
<testsuite skipped="0" hostname="sony-VAIO" name="basicSelenium.Pass2rwAssignment" tests="1" failures="0" timestamp="2019-10-21T17:03:16 IST" time="44.804" errors="0">
  <testcase name="Pass1roundtripAssignment" time="44.804" classname="basicSelenium.Pass2rwAssignment"/>
</testsuite> <!-- basicSelenium.Pass2rwAssignment -->
