<?xml version="1.0" encoding="UTF-8"?>
<!-- Generated by org.testng.reporters.JUnitReportReporter -->
<testsuite skipped="0" hostname="sony-VAIO" name="basicSelenium.BookItinerery1PassAssignment" tests="1" failures="0" timestamp="2019-10-21T16:22:01 IST" time="55.574" errors="0">
  <testcase name="Book1PassengerItinerery" time="55.574" classname="basicSelenium.BookItinerery1PassAssignment"/>
</testsuite> <!-- basicSelenium.BookItinerery1PassAssignment -->
