<?xml version="1.0" encoding="UTF-8"?>
<!-- Generated by org.testng.reporters.JUnitReportReporter -->
<testsuite skipped="0" hostname="sony-VAIO" name="basicSelenium.Pass2owAssignment" tests="1" failures="0" timestamp="2019-10-21T16:58:46 IST" time="44.245" errors="0">
  <testcase name="Book1PassengerItinerery" time="44.245" classname="basicSelenium.Pass2owAssignment"/>
</testsuite> <!-- basicSelenium.Pass2owAssignment -->
