<?xml version="1.0" encoding="UTF-8"?>
<!-- Generated by org.testng.reporters.JUnitReportReporter -->
<testsuite skipped="0" hostname="sony-VAIO" name="basicSelenium.RegisterAssignment" tests="1" failures="0" timestamp="2019-10-21T17:08:00 IST" time="17.912" errors="0">
  <testcase name="register" time="17.912" classname="basicSelenium.RegisterAssignment"/>
</testsuite> <!-- basicSelenium.RegisterAssignment -->
