<?xml version="1.0" encoding="UTF-8"?>
<!-- Generated by org.testng.reporters.JUnitReportReporter -->
<testsuite skipped="0" hostname="sony-VAIO" name="basicSelenium.SeleniumClass1" tests="1" failures="0" timestamp="2019-10-14T21:16:44 IST" time="42.043" errors="0">
  <testcase name="login" time="42.043" classname="basicSelenium.SeleniumClass1"/>
</testsuite> <!-- basicSelenium.SeleniumClass1 -->
