<?xml version="1.0" encoding="UTF-8"?>
<!-- Generated by org.testng.reporters.JUnitReportReporter -->
<testsuite skipped="0" hostname="sony-VAIO" name="basicSelenium.SeleniumClass4" tests="1" failures="0" timestamp="2019-10-15T21:50:09 IST" time="10.541" errors="0">
  <testcase name="test" time="10.541" classname="basicSelenium.SeleniumClass4"/>
</testsuite> <!-- basicSelenium.SeleniumClass4 -->
