<?xml version="1.0" encoding="UTF-8"?>
<!-- Generated by org.testng.reporters.JUnitReportReporter -->
<testsuite skipped="0" hostname="sony-VAIO" name="basicSelenium.SeleniumClass3" tests="1" failures="0" timestamp="2019-10-15T21:38:25 IST" time="103.601" errors="0">
  <testcase name="test" time="103.601" classname="basicSelenium.SeleniumClass3"/>
</testsuite> <!-- basicSelenium.SeleniumClass3 -->
