<?xml version="1.0" encoding="UTF-8"?>
<!-- Generated by org.testng.reporters.JUnitReportReporter -->
<testsuite skipped="0" hostname="sony-VAIO" name="basicSelenium.SeleniumClass2" tests="1" failures="0" timestamp="2019-10-15T21:10:24 IST" time="119.708" errors="0">
  <testcase name="test" time="119.708" classname="basicSelenium.SeleniumClass2"/>
</testsuite> <!-- basicSelenium.SeleniumClass2 -->
