<?xml version="1.0" encoding="UTF-8"?>
<!-- Generated by org.testng.reporters.JUnitReportReporter -->
<testsuite skipped="0" hostname="sony-VAIO" name="basicSelenium.Pass1roundtripAssignment" tests="1" failures="0" timestamp="2019-10-22T19:28:57 IST" time="63.760" errors="0">
  <testcase name="roundtripAssignment" time="63.760" classname="basicSelenium.Pass1roundtripAssignment"/>
</testsuite> <!-- basicSelenium.Pass1roundtripAssignment -->
