<?xml version="1.0" encoding="UTF-8"?>
<!-- Generated by org.testng.reporters.JUnitReportReporter -->
<testsuite skipped="0" hostname="sony-VAIO" name="basicSelenium.MultiSelectComboBox" tests="1" failures="0" timestamp="2019-10-16T20:48:44 IST" time="9.479" errors="0">
  <testcase name="test" time="9.479" classname="basicSelenium.MultiSelectComboBox"/>
</testsuite> <!-- basicSelenium.MultiSelectComboBox -->
