<?xml version="1.0" encoding="UTF-8"?>
<!-- Generated by org.testng.reporters.JUnitReportReporter -->
<testsuite skipped="0" hostname="sony-VAIO" name="basicSelenium.SeleniumClass1" tests="1" failures="0" timestamp="2019-10-11T21:45:52 IST" time="15.690" errors="0">
  <testcase name="login" time="15.690" classname="basicSelenium.SeleniumClass1"/>
</testsuite> <!-- basicSelenium.SeleniumClass1 -->
