<?xml version="1.0" encoding="UTF-8"?>
<!-- Generated by org.testng.reporters.JUnitReportReporter -->
<testsuite skipped="0" hostname="sony-VAIO" name="basicSelenium.Loginassignment" tests="1" failures="0" timestamp="2019-12-06T15:43:51 IST" time="47.709" errors="0">
  <testcase name="login" time="47.709" classname="basicSelenium.Loginassignment"/>
</testsuite> <!-- basicSelenium.Loginassignment -->
