<?xml version="1.0" encoding="UTF-8"?>
<!-- Generated by org.testng.reporters.JUnitReportReporter -->
<testsuite skipped="0" hostname="sony-VAIO" name="testScripts.TC_FlightBooking_Login" tests="2" failures="0" timestamp="2019-10-21T21:57:34 IST" time="11.695" errors="0">
  <testcase name="loginTest" time="9.966" classname="testScripts.TC_FlightBooking_Login"/>
  <testcase name="logoutTest" time="1.729" classname="testScripts.TC_FlightBooking_Login"/>
</testsuite> <!-- testScripts.TC_FlightBooking_Login -->
