<?xml version="1.0" encoding="UTF-8"?>
<!-- Generated by org.testng.reporters.JUnitReportReporter -->
<testsuite skipped="0" hostname="sony-VAIO" name="testScripts.TC_FlightBooking_LoginWithMultipleDataSets" tests="2" failures="0" timestamp="2019-10-21T21:57:34 IST" time="21.654" errors="0">
  <testcase name="loginTest" time="11.917" classname="testScripts.TC_FlightBooking_LoginWithMultipleDataSets"/>
  <testcase name="loginTest" time="9.737" classname="testScripts.TC_FlightBooking_LoginWithMultipleDataSets"/>
</testsuite> <!-- testScripts.TC_FlightBooking_LoginWithMultipleDataSets -->
