<?xml version="1.0" encoding="UTF-8"?>
<!-- Generated by org.testng.reporters.JUnitReportReporter -->
<testsuite skipped="0" hostname="sony-VAIO" name="SamplePackage.FirstMavenClass" tests="2" failures="0" timestamp="25 Nov 2019 23:23:54 GMT" time="62.444" errors="0">
  <testcase name="login" time="62.434" classname="SamplePackage.FirstMavenClass"/>
  <testcase name="test1" time="0.010" classname="SamplePackage.FirstMavenClass"/>
</testsuite> <!-- SamplePackage.FirstMavenClass -->
