<?xml version="1.0" encoding="UTF-8"?>
<!-- Generated by org.testng.reporters.JUnitReportReporter -->
<testsuite skipped="0" hostname="sony-VAIO" name="SamplePackage.FirstMavenClass" tests="1" failures="0" timestamp="23 Oct 2019 13:16:48 GMT" time="0.039" errors="0">
  <testcase name="test1" time="0.039" classname="SamplePackage.FirstMavenClass"/>
</testsuite> <!-- SamplePackage.FirstMavenClass -->
