<?xml version="1.0" encoding="UTF-8"?>
<!-- Generated by org.testng.reporters.JUnitReportReporter -->
<testsuite skipped="0" hostname="sony-VAIO" name="apiTesting.TC_Create_Update_Delete" tests="1" failures="0" timestamp="2019-10-23T22:14:35 IST" time="12.019" errors="0">
  <testcase name="test" time="12.019" classname="apiTesting.TC_Create_Update_Delete"/>
</testsuite> <!-- apiTesting.TC_Create_Update_Delete -->
